[2025-03-16T16:27:32.079+0000] {processor.py:186} INFO - Started process (PID=5764) to work on /home/airflow/.local/lib/python3.12/site-packages/airflow/example_dags/example_dataset_alias.py
[2025-03-16T16:27:32.080+0000] {processor.py:914} INFO - Processing file /home/airflow/.local/lib/python3.12/site-packages/airflow/example_dags/example_dataset_alias.py for tasks to queue
[2025-03-16T16:27:32.081+0000] {logging_mixin.py:190} INFO - [2025-03-16T16:27:32.081+0000] {dagbag.py:588} INFO - Filling up the DagBag from /home/airflow/.local/lib/python3.12/site-packages/airflow/example_dags/example_dataset_alias.py
[2025-03-16T16:27:32.540+0000] {processor.py:925} INFO - DAG(s) 'dataset_alias_example_alias_producer', 'dataset_s3_bucket_producer', 'dataset_s3_bucket_consumer', 'dataset_alias_example_alias_consumer' retrieved from /home/airflow/.local/lib/python3.12/site-packages/airflow/example_dags/example_dataset_alias.py
[2025-03-16T16:27:32.556+0000] {logging_mixin.py:190} INFO - [2025-03-16T16:27:32.556+0000] {dag.py:3239} INFO - Sync 4 DAGs
[2025-03-16T16:27:32.574+0000] {logging_mixin.py:190} INFO - [2025-03-16T16:27:32.574+0000] {dag.py:4180} INFO - Setting next_dagrun for dataset_alias_example_alias_consumer to None, run_after=None
[2025-03-16T16:27:32.576+0000] {logging_mixin.py:190} INFO - [2025-03-16T16:27:32.576+0000] {dag.py:4180} INFO - Setting next_dagrun for dataset_alias_example_alias_producer to None, run_after=None
[2025-03-16T16:27:32.577+0000] {logging_mixin.py:190} INFO - [2025-03-16T16:27:32.577+0000] {dag.py:4180} INFO - Setting next_dagrun for dataset_s3_bucket_consumer to None, run_after=None
[2025-03-16T16:27:32.578+0000] {logging_mixin.py:190} INFO - [2025-03-16T16:27:32.578+0000] {dag.py:4180} INFO - Setting next_dagrun for dataset_s3_bucket_producer to None, run_after=None
[2025-03-16T16:27:32.600+0000] {processor.py:208} INFO - Processing /home/airflow/.local/lib/python3.12/site-packages/airflow/example_dags/example_dataset_alias.py took 0.525 seconds
[2025-03-16T16:28:03.438+0000] {processor.py:186} INFO - Started process (PID=5830) to work on /home/airflow/.local/lib/python3.12/site-packages/airflow/example_dags/example_dataset_alias.py
[2025-03-16T16:28:03.439+0000] {processor.py:914} INFO - Processing file /home/airflow/.local/lib/python3.12/site-packages/airflow/example_dags/example_dataset_alias.py for tasks to queue
[2025-03-16T16:28:03.440+0000] {logging_mixin.py:190} INFO - [2025-03-16T16:28:03.440+0000] {dagbag.py:588} INFO - Filling up the DagBag from /home/airflow/.local/lib/python3.12/site-packages/airflow/example_dags/example_dataset_alias.py
[2025-03-16T16:28:03.909+0000] {processor.py:925} INFO - DAG(s) 'dataset_alias_example_alias_consumer', 'dataset_s3_bucket_consumer', 'dataset_alias_example_alias_producer', 'dataset_s3_bucket_producer' retrieved from /home/airflow/.local/lib/python3.12/site-packages/airflow/example_dags/example_dataset_alias.py
[2025-03-16T16:28:03.928+0000] {logging_mixin.py:190} INFO - [2025-03-16T16:28:03.927+0000] {dag.py:3239} INFO - Sync 4 DAGs
[2025-03-16T16:28:03.948+0000] {logging_mixin.py:190} INFO - [2025-03-16T16:28:03.948+0000] {dag.py:4180} INFO - Setting next_dagrun for dataset_alias_example_alias_consumer to None, run_after=None
[2025-03-16T16:28:03.951+0000] {logging_mixin.py:190} INFO - [2025-03-16T16:28:03.950+0000] {dag.py:4180} INFO - Setting next_dagrun for dataset_alias_example_alias_producer to None, run_after=None
[2025-03-16T16:28:03.952+0000] {logging_mixin.py:190} INFO - [2025-03-16T16:28:03.952+0000] {dag.py:4180} INFO - Setting next_dagrun for dataset_s3_bucket_consumer to None, run_after=None
[2025-03-16T16:28:03.953+0000] {logging_mixin.py:190} INFO - [2025-03-16T16:28:03.953+0000] {dag.py:4180} INFO - Setting next_dagrun for dataset_s3_bucket_producer to None, run_after=None
[2025-03-16T16:28:03.978+0000] {processor.py:208} INFO - Processing /home/airflow/.local/lib/python3.12/site-packages/airflow/example_dags/example_dataset_alias.py took 0.544 seconds
